Failures:

  1) [STEP2] ãƒ¦ãƒ¼ã‚¶ãƒ­ã‚°ã‚¤ãƒ³å¾Œã®ãƒ†ã‚¹ãƒˆ æŠ•ç¨¿ä¸€è¦§ç”»é¢ã®ãƒ†ã‚¹ãƒˆ è¡¨ç¤ºå†…å®¹ã®ç¢ºèª è‡ªåˆ†ã¨ä»–äººã®ç”»åƒã®ãƒªãƒ³ã‚¯å…ˆãŒæ­£ã—ã„
     [31mFailure/Error: expect(page).to have_link '', href: user_path(other_book.user)[0m
     [31m  expected to find link "" with href "/users/2" but there were no matches[0m
     [36m# ./spec/system/02_after_login_spec.rb:52:in `block (4 levels) in <main>'[0m

  2) [STEP2] ãƒ¦ãƒ¼ã‚¶ãƒ­ã‚°ã‚¤ãƒ³å¾Œã®ãƒ†ã‚¹ãƒˆ æŠ•ç¨¿ä¸€è¦§ç”»é¢ã®ãƒ†ã‚¹ãƒˆ è¡¨ç¤ºå†…å®¹ã®ç¢ºèª è‡ªåˆ†ã®æŠ•ç¨¿ã¨ä»–äººã®æŠ•ç¨¿ã®ã‚¿ã‚¤ãƒˆãƒ«ã®ãƒªãƒ³ã‚¯å…ˆãŒãã‚Œãã‚Œæ­£ã—ã„
     [31mFailure/Error: expect(page).to have_link book.title, href: book_path(book)[0m
     [31m  expected to find link "ocfci" with href "/books/1" but there were no matches[0m
     [36m# ./spec/system/02_after_login_spec.rb:55:in `block (4 levels) in <main>'[0m

  3) [STEP2] ãƒ¦ãƒ¼ã‚¶ãƒ­ã‚°ã‚¤ãƒ³å¾Œã®ãƒ†ã‚¹ãƒˆ è‡ªåˆ†ã®æŠ•ç¨¿è©³ç´°ç”»é¢ã®ãƒ†ã‚¹ãƒˆ æŠ•ç¨¿æˆåŠŸã®ãƒ†ã‚¹ãƒˆ è‡ªåˆ†ã®æ–°ã—ã„æŠ•ç¨¿ãŒæ­£ã—ãä¿å­˜ã•ã‚Œã‚‹
     [31mFailure/Error: expect { click_button 'Create Book' }.to change(user.books, :count).by(1)[0m
     [31m  expected `Book::ActiveRecord_Associations_CollectionProxy#count` to have changed by 1, but was changed by 0[0m
     [36m# ./spec/system/02_after_login_spec.rb:172:in `block (4 levels) in <main>'[0m

  4) [STEP2] ãƒ¦ãƒ¼ã‚¶ãƒ­ã‚°ã‚¤ãƒ³å¾Œã®ãƒ†ã‚¹ãƒˆ ãƒ¦ãƒ¼ã‚¶ä¸€è¦§ç”»é¢ã®ãƒ†ã‚¹ãƒˆ è¡¨ç¤ºå†…å®¹ã®ç¢ºèª è‡ªåˆ†ã¨ä»–äººã®ç”»åƒãŒè¡¨ç¤ºã•ã‚Œã‚‹: fallbackã®ç”»åƒãŒã‚µã‚¤ãƒ‰ãƒãƒ¼ã®1ã¤ï¼‹ä¸€è¦§(2äºº)ã®2ã¤ã®è¨ˆ3ã¤å­˜åœ¨ã™ã‚‹
     [31mFailure/Error: expect(all('img').size).to eq(3)[0m
     [31m[0m
     [31m  expected: 3[0m
     [31m       got: 0[0m
     [31m[0m
     [31m  (compared using ==)[0m
     [36m# ./spec/system/02_after_login_spec.rb:273:in `block (4 levels) in <main>'[0m

  5) [STEP2] ãƒ¦ãƒ¼ã‚¶ãƒ­ã‚°ã‚¤ãƒ³å¾Œã®ãƒ†ã‚¹ãƒˆ ãƒ¦ãƒ¼ã‚¶ä¸€è¦§ç”»é¢ã®ãƒ†ã‚¹ãƒˆ è¡¨ç¤ºå†…å®¹ã®ç¢ºèª è‡ªåˆ†ã¨ä»–äººã®åå‰ãŒãã‚Œãã‚Œè¡¨ç¤ºã•ã‚Œã‚‹
     [31mFailure/Error: expect(page).to have_content user.name[0m
     [31m  expected to find text "rsxyik3gur" in "Bookers\nHome Users Books Log out\nCopyRight Infratop.inc"[0m
     [36m# ./spec/system/02_after_login_spec.rb:276:in `block (4 levels) in <main>'[0m

  6) [STEP2] ãƒ¦ãƒ¼ã‚¶ãƒ­ã‚°ã‚¤ãƒ³å¾Œã®ãƒ†ã‚¹ãƒˆ ãƒ¦ãƒ¼ã‚¶ä¸€è¦§ç”»é¢ã®ãƒ†ã‚¹ãƒˆ è¡¨ç¤ºå†…å®¹ã®ç¢ºèª è‡ªåˆ†ã¨ä»–äººã®showãƒªãƒ³ã‚¯ãŒãã‚Œãã‚Œè¡¨ç¤ºã•ã‚Œã‚‹
     [31mFailure/Error: expect(page).to have_link 'Show', href: user_path(user)[0m
     [31m  expected to find link "Show" with href "/users/1" but there were no matches[0m
     [36m# ./spec/system/02_after_login_spec.rb:280:in `block (4 levels) in <main>'[0m

  7) [STEP2] ãƒ¦ãƒ¼ã‚¶ãƒ­ã‚°ã‚¤ãƒ³å¾Œã®ãƒ†ã‚¹ãƒˆ ãƒ¦ãƒ¼ã‚¶ä¸€è¦§ç”»é¢ã®ãƒ†ã‚¹ãƒˆ ã‚µã‚¤ãƒ‰ãƒãƒ¼ã®ç¢ºèª è‡ªåˆ†ã®åå‰ã¨ç´¹ä»‹æ–‡ãŒè¡¨ç¤ºã•ã‚Œã‚‹
     [31mFailure/Error: expect(page).to have_content user.name[0m
     [31m  expected to find text "9hqgfdl6ub" in "Bookers\nHome Users Books Log out\nCopyRight Infratop.inc"[0m
     [36m# ./spec/system/02_after_login_spec.rb:287:in `block (4 levels) in <main>'[0m

  8) [STEP2] ãƒ¦ãƒ¼ã‚¶ãƒ­ã‚°ã‚¤ãƒ³å¾Œã®ãƒ†ã‚¹ãƒˆ ãƒ¦ãƒ¼ã‚¶ä¸€è¦§ç”»é¢ã®ãƒ†ã‚¹ãƒˆ ã‚µã‚¤ãƒ‰ãƒãƒ¼ã®ç¢ºèª è‡ªåˆ†ã®ãƒ¦ãƒ¼ã‚¶ç·¨é›†ç”»é¢ã¸ã®ãƒªãƒ³ã‚¯ãŒå­˜åœ¨ã™ã‚‹
     [31mFailure/Error: expect(page).to have_link '', href: edit_user_path(user)[0m
     [31m  expected to find link "" with href "/users/1/edit" but there were no matches[0m
     [36m# ./spec/system/02_after_login_spec.rb:291:in `block (4 levels) in <main>'[0m

  9) [STEP2] ãƒ¦ãƒ¼ã‚¶ãƒ­ã‚°ã‚¤ãƒ³å¾Œã®ãƒ†ã‚¹ãƒˆ ãƒ¦ãƒ¼ã‚¶ä¸€è¦§ç”»é¢ã®ãƒ†ã‚¹ãƒˆ ã‚µã‚¤ãƒ‰ãƒãƒ¼ã®ç¢ºèª ã€ŒNew bookã€ã¨è¡¨ç¤ºã•ã‚Œã‚‹
     [31mFailure/Error: expect(page).to have_content 'New book'[0m
     [31m  expected to find text "New book" in "Bookers\nHome Users Books Log out\nCopyRight Infratop.inc"[0m
     [36m# ./spec/system/02_after_login_spec.rb:294:in `block (4 levels) in <main>'[0m

  10) [STEP2] ãƒ¦ãƒ¼ã‚¶ãƒ­ã‚°ã‚¤ãƒ³å¾Œã®ãƒ†ã‚¹ãƒˆ ãƒ¦ãƒ¼ã‚¶ä¸€è¦§ç”»é¢ã®ãƒ†ã‚¹ãƒˆ ã‚µã‚¤ãƒ‰ãƒãƒ¼ã®ç¢ºèª titleãƒ•ã‚©ãƒ¼ãƒ ãŒè¡¨ç¤ºã•ã‚Œã‚‹
      [31mFailure/Error: expect(page).to have_field 'book[title]'[0m
      [31m  expected to find field "book[title]" that is not disabled but there were no matches[0m
      [36m# ./spec/system/02_after_login_spec.rb:297:in `block (4 levels) in <main>'[0m

  11) [STEP2] ãƒ¦ãƒ¼ã‚¶ãƒ­ã‚°ã‚¤ãƒ³å¾Œã®ãƒ†ã‚¹ãƒˆ ãƒ¦ãƒ¼ã‚¶ä¸€è¦§ç”»é¢ã®ãƒ†ã‚¹ãƒˆ ã‚µã‚¤ãƒ‰ãƒãƒ¼ã®ç¢ºèª titleãƒ•ã‚©ãƒ¼ãƒ ã«å€¤ãŒå…¥ã£ã¦ã„ãªã„
      [31mFailure/Error: expect(find_field('book[title]').text).to be_blank[0m
      [31m[0m
      [31mCapybara::ElementNotFound:[0m
      [31m  Unable to find field "book[title]" that is not disabled[0m
      [36m# /home/ec2-user/.rvm/gems/ruby-3.1.2/gems/capybara-3.40.0/lib/capybara/node/finders.rb:312:in `block in synced_resolve'[0m
      [36m# /home/ec2-user/.rvm/gems/ruby-3.1.2/gems/capybara-3.40.0/lib/capybara/node/base.rb:84:in `synchronize'[0m
      [36m# /home/ec2-user/.rvm/gems/ruby-3.1.2/gems/capybara-3.40.0/lib/capybara/node/finders.rb:301:in `synced_resolve'[0m
      [36m# /home/ec2-user/.rvm/gems/ruby-3.1.2/gems/capybara-3.40.0/lib/capybara/node/finders.rb:60:in `find'[0m
      [36m# /home/ec2-user/.rvm/gems/ruby-3.1.2/gems/capybara-3.40.0/lib/capybara/node/finders.rb:136:in `find_field'[0m
      [36m# /home/ec2-user/.rvm/gems/ruby-3.1.2/gems/capybara-3.40.0/lib/capybara/session.rb:774:in `find_field'[0m
      [36m# /home/ec2-user/.rvm/gems/ruby-3.1.2/gems/capybara-3.40.0/lib/capybara/dsl.rb:52:in `call'[0m
      [36m# /home/ec2-user/.rvm/gems/ruby-3.1.2/gems/capybara-3.40.0/lib/capybara/dsl.rb:52:in `find_field'[0m
      [36m# ./spec/system/02_after_login_spec.rb:300:in `block (4 levels) in <main>'[0m

  12) [STEP2] ãƒ¦ãƒ¼ã‚¶ãƒ­ã‚°ã‚¤ãƒ³å¾Œã®ãƒ†ã‚¹ãƒˆ ãƒ¦ãƒ¼ã‚¶ä¸€è¦§ç”»é¢ã®ãƒ†ã‚¹ãƒˆ ã‚µã‚¤ãƒ‰ãƒãƒ¼ã®ç¢ºèª bodyãƒ•ã‚©ãƒ¼ãƒ ãŒè¡¨ç¤ºã•ã‚Œã‚‹
      [31mFailure/Error: expect(page).to have_field 'book[body]'[0m
      [31m  expected to find field "book[body]" that is not disabled but there were no matches[0m
      [36m# ./spec/system/02_after_login_spec.rb:303:in `block (4 levels) in <main>'[0m

  13) [STEP2] ãƒ¦ãƒ¼ã‚¶ãƒ­ã‚°ã‚¤ãƒ³å¾Œã®ãƒ†ã‚¹ãƒˆ ãƒ¦ãƒ¼ã‚¶ä¸€è¦§ç”»é¢ã®ãƒ†ã‚¹ãƒˆ ã‚µã‚¤ãƒ‰ãƒãƒ¼ã®ç¢ºèª bodyãƒ•ã‚©ãƒ¼ãƒ ã«å€¤ãŒå…¥ã£ã¦ã„ãªã„
      [31mFailure/Error: expect(find_field('book[body]').text).to be_blank[0m
      [31m[0m
      [31mCapybara::ElementNotFound:[0m
      [31m  Unable to find field "book[body]" that is not disabled[0m
      [36m# /home/ec2-user/.rvm/gems/ruby-3.1.2/gems/capybara-3.40.0/lib/capybara/node/finders.rb:312:in `block in synced_resolve'[0m
      [36m# /home/ec2-user/.rvm/gems/ruby-3.1.2/gems/capybara-3.40.0/lib/capybara/node/base.rb:84:in `synchronize'[0m
      [36m# /home/ec2-user/.rvm/gems/ruby-3.1.2/gems/capybara-3.40.0/lib/capybara/node/finders.rb:301:in `synced_resolve'[0m
      [36m# /home/ec2-user/.rvm/gems/ruby-3.1.2/gems/capybara-3.40.0/lib/capybara/node/finders.rb:60:in `find'[0m
      [36m# /home/ec2-user/.rvm/gems/ruby-3.1.2/gems/capybara-3.40.0/lib/capybara/node/finders.rb:136:in `find_field'[0m
      [36m# /home/ec2-user/.rvm/gems/ruby-3.1.2/gems/capybara-3.40.0/lib/capybara/session.rb:774:in `find_field'[0m
      [36m# /home/ec2-user/.rvm/gems/ruby-3.1.2/gems/capybara-3.40.0/lib/capybara/dsl.rb:52:in `call'[0m
      [36m# /home/ec2-user/.rvm/gems/ruby-3.1.2/gems/capybara-3.40.0/lib/capybara/dsl.rb:52:in `find_field'[0m
      [36m# ./spec/system/02_after_login_spec.rb:306:in `block (4 levels) in <main>'[0m

  14) [STEP2] ãƒ¦ãƒ¼ã‚¶ãƒ­ã‚°ã‚¤ãƒ³å¾Œã®ãƒ†ã‚¹ãƒˆ ãƒ¦ãƒ¼ã‚¶ä¸€è¦§ç”»é¢ã®ãƒ†ã‚¹ãƒˆ ã‚µã‚¤ãƒ‰ãƒãƒ¼ã®ç¢ºèª Create Bookãƒœã‚¿ãƒ³ãŒè¡¨ç¤ºã•ã‚Œã‚‹
      [31mFailure/Error: expect(page).to have_button 'Create Book'[0m
      [31m  expected to find button "Create Book" that is not disabled but there were no matches[0m
      [36m# ./spec/system/02_after_login_spec.rb:309:in `block (4 levels) in <main>'[0m

  15) [STEP2] ãƒ¦ãƒ¼ã‚¶ãƒ­ã‚°ã‚¤ãƒ³å¾Œã®ãƒ†ã‚¹ãƒˆ è‡ªåˆ†ã®ãƒ¦ãƒ¼ã‚¶è©³ç´°ç”»é¢ã®ãƒ†ã‚¹ãƒˆ è¡¨ç¤ºã®ç¢ºèª æŠ•ç¨¿ä¸€è¦§ã«è‡ªåˆ†ã®æŠ•ç¨¿ã®titleãŒè¡¨ç¤ºã•ã‚Œã€ãƒªãƒ³ã‚¯ãŒæ­£ã—ã„
      [31mFailure/Error: expect(page).to have_link book.title, href: book_path(book)[0m
      [31m  expected to find link "qulvk" with href "/books/1" but there were no matches[0m
      [36m# ./spec/system/02_after_login_spec.rb:327:in `block (4 levels) in <main>'[0m

  16) [STEP2] ãƒ¦ãƒ¼ã‚¶ãƒ­ã‚°ã‚¤ãƒ³å¾Œã®ãƒ†ã‚¹ãƒˆ è‡ªåˆ†ã®ãƒ¦ãƒ¼ã‚¶è©³ç´°ç”»é¢ã®ãƒ†ã‚¹ãƒˆ è¡¨ç¤ºã®ç¢ºèª æŠ•ç¨¿ä¸€è¦§ã«è‡ªåˆ†ã®æŠ•ç¨¿ã®bodyãŒè¡¨ç¤ºã•ã‚Œã‚‹
      [31mFailure/Error: expect(page).to have_content book.body[0m
      [31m  expected to find text "7lw49h7fdrzv7zb222tw" in "Bookers\nHome Users Books Log out\nUser info\nname nxoz61kqhn Introduction dcrudyttk2ltxhvbwtj4\nNew book\nTitle\nOpinion\n]\nUsers\nimage name nxoz61kqhn\nCopyRight Infratop.inc"[0m
      [36m# ./spec/system/02_after_login_spec.rb:330:in `block (4 levels) in <main>'[0m

  17) [STEP2] ãƒ¦ãƒ¼ã‚¶ãƒ­ã‚°ã‚¤ãƒ³å¾Œã®ãƒ†ã‚¹ãƒˆ è‡ªåˆ†ã®ãƒ¦ãƒ¼ã‚¶è©³ç´°ç”»é¢ã®ãƒ†ã‚¹ãƒˆ ã‚µã‚¤ãƒ‰ãƒãƒ¼ã®ç¢ºèª titleãƒ•ã‚©ãƒ¼ãƒ ãŒè¡¨ç¤ºã•ã‚Œã‚‹
      [31mFailure/Error: expect(page).to have_field 'book[title]'[0m
      [31m  expected to find field "book[title]" that is not disabled but there were no matches[0m
      [36m# ./spec/system/02_after_login_spec.rb:351:in `block (4 levels) in <main>'[0m

  18) [STEP2] ãƒ¦ãƒ¼ã‚¶ãƒ­ã‚°ã‚¤ãƒ³å¾Œã®ãƒ†ã‚¹ãƒˆ è‡ªåˆ†ã®ãƒ¦ãƒ¼ã‚¶è©³ç´°ç”»é¢ã®ãƒ†ã‚¹ãƒˆ ã‚µã‚¤ãƒ‰ãƒãƒ¼ã®ç¢ºèª titleãƒ•ã‚©ãƒ¼ãƒ ã«å€¤ãŒå…¥ã£ã¦ã„ãªã„
      [31mFailure/Error: expect(find_field('book[title]').text).to be_blank[0m
      [31m[0m
      [31mCapybara::ElementNotFound:[0m
      [31m  Unable to find field "book[title]" that is not disabled[0m
      [36m# /home/ec2-user/.rvm/gems/ruby-3.1.2/gems/capybara-3.40.0/lib/capybara/node/finders.rb:312:in `block in synced_resolve'[0m
      [36m# /home/ec2-user/.rvm/gems/ruby-3.1.2/gems/capybara-3.40.0/lib/capybara/node/base.rb:84:in `synchronize'[0m
      [36m# /home/ec2-user/.rvm/gems/ruby-3.1.2/gems/capybara-3.40.0/lib/capybara/node/finders.rb:301:in `synced_resolve'[0m
      [36m# /home/ec2-user/.rvm/gems/ruby-3.1.2/gems/capybara-3.40.0/lib/capybara/node/finders.rb:60:in `find'[0m
      [36m# /home/ec2-user/.rvm/gems/ruby-3.1.2/gems/capybara-3.40.0/lib/capybara/node/finders.rb:136:in `find_field'[0m
      [36m# /home/ec2-user/.rvm/gems/ruby-3.1.2/gems/capybara-3.40.0/lib/capybara/session.rb:774:in `find_field'[0m
      [36m# /home/ec2-user/.rvm/gems/ruby-3.1.2/gems/capybara-3.40.0/lib/capybara/dsl.rb:52:in `call'[0m
      [36m# /home/ec2-user/.rvm/gems/ruby-3.1.2/gems/capybara-3.40.0/lib/capybara/dsl.rb:52:in `find_field'[0m
      [36m# ./spec/system/02_after_login_spec.rb:354:in `block (4 levels) in <main>'[0m

  19) [STEP2] ãƒ¦ãƒ¼ã‚¶ãƒ­ã‚°ã‚¤ãƒ³å¾Œã®ãƒ†ã‚¹ãƒˆ è‡ªåˆ†ã®ãƒ¦ãƒ¼ã‚¶è©³ç´°ç”»é¢ã®ãƒ†ã‚¹ãƒˆ ã‚µã‚¤ãƒ‰ãƒãƒ¼ã®ç¢ºèª bodyãƒ•ã‚©ãƒ¼ãƒ ãŒè¡¨ç¤ºã•ã‚Œã‚‹
      [31mFailure/Error: expect(page).to have_field 'book[body]'[0m
      [31m  expected to find field "book[body]" that is not disabled but there were no matches[0m
      [36m# ./spec/system/02_after_login_spec.rb:357:in `block (4 levels) in <main>'[0m

  20) [STEP2] ãƒ¦ãƒ¼ã‚¶ãƒ­ã‚°ã‚¤ãƒ³å¾Œã®ãƒ†ã‚¹ãƒˆ è‡ªåˆ†ã®ãƒ¦ãƒ¼ã‚¶è©³ç´°ç”»é¢ã®ãƒ†ã‚¹ãƒˆ ã‚µã‚¤ãƒ‰ãƒãƒ¼ã®ç¢ºèª bodyãƒ•ã‚©ãƒ¼ãƒ ã«å€¤ãŒå…¥ã£ã¦ã„ãªã„
      [31mFailure/Error: expect(find_field('book[body]').text).to be_blank[0m
      [31m[0m
      [31mCapybara::ElementNotFound:[0m
      [31m  Unable to find field "book[body]" that is not disabled[0m
      [36m# /home/ec2-user/.rvm/gems/ruby-3.1.2/gems/capybara-3.40.0/lib/capybara/node/finders.rb:312:in `block in synced_resolve'[0m
      [36m# /home/ec2-user/.rvm/gems/ruby-3.1.2/gems/capybara-3.40.0/lib/capybara/node/base.rb:84:in `synchronize'[0m
      [36m# /home/ec2-user/.rvm/gems/ruby-3.1.2/gems/capybara-3.40.0/lib/capybara/node/finders.rb:301:in `synced_resolve'[0m
      [36m# /home/ec2-user/.rvm/gems/ruby-3.1.2/gems/capybara-3.40.0/lib/capybara/node/finders.rb:60:in `find'[0m
      [36m# /home/ec2-user/.rvm/gems/ruby-3.1.2/gems/capybara-3.40.0/lib/capybara/node/finders.rb:136:in `find_field'[0m
      [36m# /home/ec2-user/.rvm/gems/ruby-3.1.2/gems/capybara-3.40.0/lib/capybara/session.rb:774:in `find_field'[0m
      [36m# /home/ec2-user/.rvm/gems/ruby-3.1.2/gems/capybara-3.40.0/lib/capybara/dsl.rb:52:in `call'[0m
      [36m# /home/ec2-user/.rvm/gems/ruby-3.1.2/gems/capybara-3.40.0/lib/capybara/dsl.rb:52:in `find_field'[0m
      [36m# ./spec/system/02_after_login_spec.rb:360:in `block (4 levels) in <main>'[0m

  21) [STEP3] ä»•ä¸Šã’ã®ãƒ†ã‚¹ãƒˆ ã‚µã‚¯ã‚»ã‚¹ãƒ¡ãƒƒã‚»ãƒ¼ã‚¸ã®ãƒ†ã‚¹ãƒˆ ãƒ¦ãƒ¼ã‚¶ãƒ­ã‚°ã‚¢ã‚¦ãƒˆæˆåŠŸæ™‚
      [31mFailure/Error: is_expected.to have_content 'successfully'[0m
      [31m  expected to find text "successfully" in "Bookers\nHome About Sign up Log in\nwelcome to Bookers !!\nIn Bookers ,\nyou can share and exchange your opinions,inpressions,and emotions\nabout various books!\nLog in\nSign up\nCopyRight Infratop.inc"[0m
      [36m# ./spec/system/03_finishing_touches_spec.rb:36:in `block (3 levels) in <main>'[0m

  22) [STEP3] ä»•ä¸Šã’ã®ãƒ†ã‚¹ãƒˆ å‡¦ç†å¤±æ•—æ™‚ã®ãƒ†ã‚¹ãƒˆ ãƒ¦ãƒ¼ã‚¶ã®ãƒ—ãƒ­ãƒ•ã‚£ãƒ¼ãƒ«æƒ…å ±ç·¨é›†å¤±æ•—: nameã‚’1æ–‡å­—ã«ã™ã‚‹ ãƒ¦ãƒ¼ã‚¶ç·¨é›†ç”»é¢ã‚’è¡¨ç¤ºã—ã¦ãŠã‚Šã€ãƒ•ã‚©ãƒ¼ãƒ ã®å†…å®¹ãŒæ­£ã—ã„
      [31mFailure/Error: expect(page).to have_field 'user[name]', with: @name[0m
      [31m  expected to find field "user[name]" that is not disabled but there were no matches[0m
      [36m# ./spec/system/03_finishing_touches_spec.rb:113:in `block (4 levels) in <main>'[0m

  23) [STEP3] ä»•ä¸Šã’ã®ãƒ†ã‚¹ãƒˆ å‡¦ç†å¤±æ•—æ™‚ã®ãƒ†ã‚¹ãƒˆ ãƒ¦ãƒ¼ã‚¶ã®ãƒ—ãƒ­ãƒ•ã‚£ãƒ¼ãƒ«æƒ…å ±ç·¨é›†å¤±æ•—: nameã‚’1æ–‡å­—ã«ã™ã‚‹ ãƒãƒªãƒ‡ãƒ¼ã‚·ãƒ§ãƒ³ã‚¨ãƒ©ãƒ¼ãŒè¡¨ç¤ºã•ã‚Œã‚‹
      [31mFailure/Error: expect(page).to have_content "is too short (minimum is 2 characters)"[0m
      [31m  expected to find text "is too short (minimum is 2 characters)" in "Bookers\nHome Users Books Log out\nCopyRight Infratop.inc"[0m
      [36m# ./spec/system/03_finishing_touches_spec.rb:116:in `block (4 levels) in <main>'[0m

  24) [STEP3] ä»•ä¸Šã’ã®ãƒ†ã‚¹ãƒˆ å‡¦ç†å¤±æ•—æ™‚ã®ãƒ†ã‚¹ãƒˆ æŠ•ç¨¿ãƒ‡ãƒ¼ã‚¿ã®æ›´æ–°å¤±æ•—: titleã‚’ç©ºã«ã™ã‚‹ æŠ•ç¨¿ç·¨é›†ç”»é¢ã‚’è¡¨ç¤ºã—ã¦ãŠã‚Šã€ãƒ•ã‚©ãƒ¼ãƒ ã®å†…å®¹ãŒæ­£ã—ã„
      [31mFailure/Error: expect(page).to have_field 'book[body]', with: book.body[0m
      [31m  expected to find visible field "book[body]" that is not disabled with value "k91s8i43fsfjvcswuxq5" but there were no matches. Also found "", which matched the selector but not all filters. Expected value to be "k91s8i43fsfjvcswuxq5" but was ""[0m
      [36m# ./spec/system/03_finishing_touches_spec.rb:168:in `block (4 levels) in <main>'[0m

  25) [STEP3] ä»•ä¸Šã’ã®ãƒ†ã‚¹ãƒˆ å‡¦ç†å¤±æ•—æ™‚ã®ãƒ†ã‚¹ãƒˆ æŠ•ç¨¿ãƒ‡ãƒ¼ã‚¿ã®æ›´æ–°å¤±æ•—: titleã‚’ç©ºã«ã™ã‚‹ ã‚¨ãƒ©ãƒ¼ãƒ¡ãƒƒã‚»ãƒ¼ã‚¸ãŒè¡¨ç¤ºã•ã‚Œã‚‹
      [31mFailure/Error: expect(page).to have_content 'error'[0m
      [31m  expected to find text "error" in "Bookers\nHome Users Books Log out\nUser info\nname xfsmg2hej0 Introduction do9wrjs2i0cj92q2cads\nNew book\nã€€ã€€\nã€€ Failed to create book: Title can't be blank ã€€ã€€\nTitle\nOpinion\n]\nBooks\nTitle Opinion 4y9q0 ikt52z8aztfheeoz4rv9 q72ns 1am623208rjlq9zf39c9\nCopyRight Infratop.inc"[0m
      [36m# ./spec/system/03_finishing_touches_spec.rb:171:in `block (4 levels) in <main>'[0m

  26) [STEP3] ä»•ä¸Šã’ã®ãƒ†ã‚¹ãƒˆ ä»–äººã®ç”»é¢ã®ãƒ†ã‚¹ãƒˆ ä»–äººã®æŠ•ç¨¿è©³ç´°ç”»é¢ã®ãƒ†ã‚¹ãƒˆ è¡¨ç¤ºå†…å®¹ã®ç¢ºèª æŠ•ç¨¿ã®ç·¨é›†ãƒªãƒ³ã‚¯ãŒè¡¨ç¤ºã•ã‚Œãªã„
      [31mFailure/Error: expect(page).not_to have_link 'Edit'[0m
      [31m  expected not to find visible link "Edit", found 1 match: "Edit"[0m
      [36m# ./spec/system/03_finishing_touches_spec.rb:235:in `block (5 levels) in <main>'[0m

  27) [STEP3] ä»•ä¸Šã’ã®ãƒ†ã‚¹ãƒˆ ä»–äººã®ç”»é¢ã®ãƒ†ã‚¹ãƒˆ ä»–äººã®æŠ•ç¨¿è©³ç´°ç”»é¢ã®ãƒ†ã‚¹ãƒˆ è¡¨ç¤ºå†…å®¹ã®ç¢ºèª æŠ•ç¨¿ã®å‰Šé™¤ãƒªãƒ³ã‚¯ãŒè¡¨ç¤ºã•ã‚Œãªã„
      [31mFailure/Error: expect(page).not_to have_link 'Destroy'[0m
      [31m  expected not to find visible link "Destroy", found 1 match: "Destroy"[0m
      [36m# ./spec/system/03_finishing_touches_spec.rb:238:in `block (5 levels) in <main>'[0m

  28) [STEP3] ä»•ä¸Šã’ã®ãƒ†ã‚¹ãƒˆ ä»–äººã®ç”»é¢ã®ãƒ†ã‚¹ãƒˆ ä»–äººã®æŠ•ç¨¿è©³ç´°ç”»é¢ã®ãƒ†ã‚¹ãƒˆ ã‚µã‚¤ãƒ‰ãƒãƒ¼ã®ç¢ºèª ä»–äººã®åå‰ã¨ç´¹ä»‹æ–‡ãŒè¡¨ç¤ºã•ã‚Œã‚‹
      [31mFailure/Error: expect(page).to have_content other_user.introduction[0m
      [31m  expected to find text "tmirv544okl20g7tx67a" in "Bookers\nHome Users Books Log out\nUser info\nname 7o2vqpayiu Introduction 2m1u6p28xsreoyh0fyqg\nNew book\nTitle\nOpinion\nBook detail\n2mdqkmlnnw 479l8 na8emwvt9eb5y5gj4alz Edit Destroy\nCopyRight Infratop.inc"[0m
      [36m# ./spec/system/03_finishing_touches_spec.rb:245:in `block (5 levels) in <main>'[0m

  29) [STEP3] ä»•ä¸Šã’ã®ãƒ†ã‚¹ãƒˆ ä»–äººã®ç”»é¢ã®ãƒ†ã‚¹ãƒˆ ä»–äººã®æŠ•ç¨¿è©³ç´°ç”»é¢ã®ãƒ†ã‚¹ãƒˆ ã‚µã‚¤ãƒ‰ãƒãƒ¼ã®ç¢ºèª ä»–äººã®ãƒ¦ãƒ¼ã‚¶ç·¨é›†ç”»é¢ã¸ã®ãƒªãƒ³ã‚¯ãŒå­˜åœ¨ã™ã‚‹
      [31mFailure/Error: expect(page).to have_link '', href: edit_user_path(other_user)[0m
      [31m  expected to find link "" with href "/users/2/edit" but there were no matches[0m
      [36m# ./spec/system/03_finishing_touches_spec.rb:248:in `block (5 levels) in <main>'[0m

  30) [STEP3] ä»•ä¸Šã’ã®ãƒ†ã‚¹ãƒˆ ä»–äººã®ç”»é¢ã®ãƒ†ã‚¹ãƒˆ ä»–äººã®æŠ•ç¨¿è©³ç´°ç”»é¢ã®ãƒ†ã‚¹ãƒˆ ã‚µã‚¤ãƒ‰ãƒãƒ¼ã®ç¢ºèª è‡ªåˆ†ã®åå‰ã¨ç´¹ä»‹æ–‡ã¯è¡¨ç¤ºã•ã‚Œãªã„
      [31mFailure/Error: expect(page).not_to have_content user.name[0m
      [31m  expected not to find text "bf47nz9o7z" in "Bookers\nHome Users Books Log out\nUser info\nname bf47nz9o7z Introduction kcz5xfoagt86h0wtm4zp\nNew book\nTitle\nOpinion\nBook detail\norqzdvmxau pb9px jhxykle6qwx6p3y7qq41 Edit Destroy\nCopyRight Infratop.inc"[0m
      [36m# ./spec/system/03_finishing_touches_spec.rb:251:in `block (5 levels) in <main>'[0m

  31) [STEP3] ä»•ä¸Šã’ã®ãƒ†ã‚¹ãƒˆ ä»–äººã®ç”»é¢ã®ãƒ†ã‚¹ãƒˆ ä»–äººã®æŠ•ç¨¿è©³ç´°ç”»é¢ã®ãƒ†ã‚¹ãƒˆ ã‚µã‚¤ãƒ‰ãƒãƒ¼ã®ç¢ºèª è‡ªåˆ†ã®ãƒ¦ãƒ¼ã‚¶ç·¨é›†ç”»é¢ã¸ã®ãƒªãƒ³ã‚¯ã¯å­˜åœ¨ã—ãªã„
      [31mFailure/Error: expect(page).not_to have_link '', href: edit_user_path(user)[0m
      [31m  expected not to find visible link "" with href "/users/1/edit", found 1 match: ""[0m
      [36m# ./spec/system/03_finishing_touches_spec.rb:255:in `block (5 levels) in <main>'[0m

  32) [STEP3] ä»•ä¸Šã’ã®ãƒ†ã‚¹ãƒˆ ä»–äººã®ç”»é¢ã®ãƒ†ã‚¹ãƒˆ ä»–äººã®æŠ•ç¨¿ç·¨é›†ç”»é¢ é·ç§»ã§ããšã€æŠ•ç¨¿ä¸€è¦§ç”»é¢ã«ãƒªãƒ€ã‚¤ãƒ¬ã‚¯ãƒˆã•ã‚Œã‚‹
      [31mFailure/Error: expect(current_path).to eq '/books'[0m
      [31m[0m
      [31m  expected: "/books"[0m
      [31m       got: "/books/3/edit"[0m
      [31m[0m
      [31m  (compared using ==)[0m
      [36m# ./spec/system/03_finishing_touches_spec.rb:269:in `block (4 levels) in <main>'[0m

  33) [STEP3] ä»•ä¸Šã’ã®ãƒ†ã‚¹ãƒˆ ä»–äººã®ç”»é¢ã®ãƒ†ã‚¹ãƒˆ ä»–äººã®ãƒ¦ãƒ¼ã‚¶è©³ç´°ç”»é¢ã®ãƒ†ã‚¹ãƒˆ è¡¨ç¤ºã®ç¢ºèª æŠ•ç¨¿ä¸€è¦§ã«ä»–äººã®æŠ•ç¨¿ã®titleãŒè¡¨ç¤ºã•ã‚Œã€ãƒªãƒ³ã‚¯ãŒæ­£ã—ã„
      [31mFailure/Error: expect(page).to have_link other_book.title, href: book_path(other_book)[0m
      [31m  expected to find link "t8oyx" with href "/books/2" but there were no matches[0m
      [36m# ./spec/system/03_finishing_touches_spec.rb:286:in `block (5 levels) in <main>'[0m

  34) [STEP3] ä»•ä¸Šã’ã®ãƒ†ã‚¹ãƒˆ ä»–äººã®ç”»é¢ã®ãƒ†ã‚¹ãƒˆ ä»–äººã®ãƒ¦ãƒ¼ã‚¶è©³ç´°ç”»é¢ã®ãƒ†ã‚¹ãƒˆ è¡¨ç¤ºã®ç¢ºèª æŠ•ç¨¿ä¸€è¦§ã«ä»–äººã®æŠ•ç¨¿ã®opinionãŒè¡¨ç¤ºã•ã‚Œã‚‹
      [31mFailure/Error: expect(page).to have_content other_book.body[0m
      [31m  expected to find text "43892r94eudsmkt77e39" in "Bookers\nHome Users Books Log out\nUser info\nname eq1ydxfd25 Introduction zpjoufpf6lwvvx9b34hf\nNew book\nTitle\nOpinion\n]\nUsers\nimage name io5xn0gk7w\nCopyRight Infratop.inc"[0m
      [36m# ./spec/system/03_finishing_touches_spec.rb:289:in `block (5 levels) in <main>'[0m

  35) [STEP3] ä»•ä¸Šã’ã®ãƒ†ã‚¹ãƒˆ ä»–äººã®ç”»é¢ã®ãƒ†ã‚¹ãƒˆ ä»–äººã®ãƒ¦ãƒ¼ã‚¶è©³ç´°ç”»é¢ã®ãƒ†ã‚¹ãƒˆ ã‚µã‚¤ãƒ‰ãƒãƒ¼ã®ç¢ºèª ä»–äººã®åå‰ã¨ç´¹ä»‹æ–‡ãŒè¡¨ç¤ºã•ã‚Œã‚‹
      [31mFailure/Error: expect(page).to have_content other_user.introduction[0m
      [31m  expected to find text "z3b7jiw7cby9rif3cupk" in "Bookers\nHome Users Books Log out\nUser info\nname htmeg4m6iq Introduction wzbhbum006ebp6kcjpem\nNew book\nTitle\nOpinion\n]\nUsers\nimage name vdea1njaos\nCopyRight Infratop.inc"[0m
      [36m# ./spec/system/03_finishing_touches_spec.rb:300:in `block (5 levels) in <main>'[0m

  36) [STEP3] ä»•ä¸Šã’ã®ãƒ†ã‚¹ãƒˆ ä»–äººã®ç”»é¢ã®ãƒ†ã‚¹ãƒˆ ä»–äººã®ãƒ¦ãƒ¼ã‚¶è©³ç´°ç”»é¢ã®ãƒ†ã‚¹ãƒˆ ã‚µã‚¤ãƒ‰ãƒãƒ¼ã®ç¢ºèª ä»–äººã®ãƒ¦ãƒ¼ã‚¶ç·¨é›†ç”»é¢ã¸ã®ãƒªãƒ³ã‚¯ãŒå­˜åœ¨ã™ã‚‹
      [31mFailure/Error: expect(page).to have_link '', href: edit_user_path(other_user)[0m
      [31m  expected to find link "" with href "/users/2/edit" but there were no matches[0m
      [36m# ./spec/system/03_finishing_touches_spec.rb:303:in `block (5 levels) in <main>'[0m

  37) [STEP3] ä»•ä¸Šã’ã®ãƒ†ã‚¹ãƒˆ ä»–äººã®ç”»é¢ã®ãƒ†ã‚¹ãƒˆ ä»–äººã®ãƒ¦ãƒ¼ã‚¶è©³ç´°ç”»é¢ã®ãƒ†ã‚¹ãƒˆ ã‚µã‚¤ãƒ‰ãƒãƒ¼ã®ç¢ºèª è‡ªåˆ†ã®åå‰ã¨ç´¹ä»‹æ–‡ã¯è¡¨ç¤ºã•ã‚Œãªã„
      [31mFailure/Error: expect(page).not_to have_content user.name[0m
      [31m  expected not to find text "fsph2w6ss1" in "Bookers\nHome Users Books Log out\nUser info\nname fsph2w6ss1 Introduction pfvqfp0acp1d160p8coj\nNew book\nTitle\nOpinion\n]\nUsers\nimage name pcd0h46yir\nCopyRight Infratop.inc"[0m
      [36m# ./spec/system/03_finishing_touches_spec.rb:306:in `block (5 levels) in <main>'[0m

  38) [STEP3] ä»•ä¸Šã’ã®ãƒ†ã‚¹ãƒˆ ä»–äººã®ç”»é¢ã®ãƒ†ã‚¹ãƒˆ ä»–äººã®ãƒ¦ãƒ¼ã‚¶è©³ç´°ç”»é¢ã®ãƒ†ã‚¹ãƒˆ ã‚µã‚¤ãƒ‰ãƒãƒ¼ã®ç¢ºèª è‡ªåˆ†ã®ãƒ¦ãƒ¼ã‚¶ç·¨é›†ç”»é¢ã¸ã®ãƒªãƒ³ã‚¯ã¯å­˜åœ¨ã—ãªã„
      [31mFailure/Error: expect(page).not_to have_link '', href: edit_user_path(user)[0m
      [31m  expected not to find visible link "" with href "/users/1/edit", found 1 match: ""[0m
      [36m# ./spec/system/03_finishing_touches_spec.rb:310:in `block (5 levels) in <main>'[0m

  39) [STEP3] ä»•ä¸Šã’ã®ãƒ†ã‚¹ãƒˆ ä»–äººã®ç”»é¢ã®ãƒ†ã‚¹ãƒˆ ä»–äººã®ãƒ¦ãƒ¼ã‚¶æƒ…å ±ç·¨é›†ç”»é¢ é·ç§»ã§ããšã€è‡ªåˆ†ã®ãƒ¦ãƒ¼ã‚¶è©³ç´°ç”»é¢ã«ãƒªãƒ€ã‚¤ãƒ¬ã‚¯ãƒˆã•ã‚Œã‚‹
      [31mFailure/Error: expect(current_path).to eq '/users/' + user.id.to_s[0m
      [31m[0m
      [31m  expected: "/users/1"[0m
      [31m       got: "/users"[0m
      [31m[0m
      [31m  (compared using ==)[0m
      [36m# ./spec/system/03_finishing_touches_spec.rb:318:in `block (4 levels) in <main>'[0m

  40) [STEP3] ä»•ä¸Šã’ã®ãƒ†ã‚¹ãƒˆ ã‚°ãƒªãƒƒãƒ‰ã‚·ã‚¹ãƒ†ãƒ ã®ãƒ†ã‚¹ãƒˆ: container, row, col-md-ã€‡ã‚’æ­£ã—ãä½¿ãˆã¦ã„ã‚‹ ãƒ¦ãƒ¼ã‚¶ä¸€è¦§ç”»é¢
      [31mFailure/Error: is_expected.to have_selector '.container .row .col-md-3'[0m
      [31m  expected to find css ".container .row .col-md-3" but there were no matches[0m
      [36m# ./spec/system/03_finishing_touches_spec.rb:335:in `block (3 levels) in <main>'[0m

  41) [STEP3] ä»•ä¸Šã’ã®ãƒ†ã‚¹ãƒˆ ã‚°ãƒªãƒƒãƒ‰ã‚·ã‚¹ãƒ†ãƒ ã®ãƒ†ã‚¹ãƒˆ: container, row, col-md-ã€‡ã‚’æ­£ã—ãä½¿ãˆã¦ã„ã‚‹ ãƒ¦ãƒ¼ã‚¶è©³ç´°ç”»é¢
      [31mFailure/Error: is_expected.to have_selector '.container .row .col-md-8.offset-md-1'[0m
      [31m  expected to find css ".container .row .col-md-8.offset-md-1" but there were no matches[0m
      [36m# ./spec/system/03_finishing_touches_spec.rb:341:in `block (3 levels) in <main>'[0m

  42) [STEP3] ä»•ä¸Šã’ã®ãƒ†ã‚¹ãƒˆ ã‚°ãƒªãƒƒãƒ‰ã‚·ã‚¹ãƒ†ãƒ ã®ãƒ†ã‚¹ãƒˆ: container, row, col-md-ã€‡ã‚’æ­£ã—ãä½¿ãˆã¦ã„ã‚‹ æŠ•ç¨¿ä¸€è¦§ç”»é¢
      [31mFailure/Error: is_expected.to have_selector '.container .row .col-md-8.offset-md-1'[0m
      [31m  expected to find css ".container .row .col-md-8.offset-md-1" but there were no matches[0m
      [36m# ./spec/system/03_finishing_touches_spec.rb:346:in `block (3 levels) in <main>'[0m

  43) [STEP3] ä»•ä¸Šã’ã®ãƒ†ã‚¹ãƒˆ ã‚°ãƒªãƒƒãƒ‰ã‚·ã‚¹ãƒ†ãƒ ã®ãƒ†ã‚¹ãƒˆ: container, row, col-md-ã€‡ã‚’æ­£ã—ãä½¿ãˆã¦ã„ã‚‹ æŠ•ç¨¿è©³ç´°ç”»é¢
      [31mFailure/Error: is_expected.to have_selector '.container .row .col-md-8.offset-md-1'[0m
      [31m  expected to find css ".container .row .col-md-8.offset-md-1" but there were no matches[0m
      [36m# ./spec/system/03_finishing_touches_spec.rb:351:in `block (3 levels) in <main>'[0m

  44) [STEP3] ä»•ä¸Šã’ã®ãƒ†ã‚¹ãƒˆ ã‚¢ã‚¤ã‚³ãƒ³ã®ãƒ†ã‚¹ãƒˆ ã‚¢ãƒã‚¦ãƒˆç”»é¢ æœ¬ã®ã‚¢ã‚¤ã‚³ãƒ³ãŒè¡¨ç¤ºã•ã‚Œã‚‹
      [31mFailure/Error: is_expected.to have_selector '.fa-solid.fa-book, .fas.fa-book'[0m
      [31m  expected to find css ".fa-solid.fa-book, .fas.fa-book" but there were no matches[0m
      [36m# ./spec/system/03_finishing_touches_spec.rb:376:in `block (4 levels) in <main>'[0m

  45) [STEP3] ä»•ä¸Šã’ã®ãƒ†ã‚¹ãƒˆ ã‚¢ã‚¤ã‚³ãƒ³ã®ãƒ†ã‚¹ãƒˆ ãƒ˜ãƒƒãƒ€ãƒ¼: ãƒ­ã‚°ã‚¤ãƒ³ã—ã¦ã„ã‚‹å ´åˆ Usersãƒªãƒ³ã‚¯ã®ã‚¢ã‚¤ã‚³ãƒ³ãŒè¡¨ç¤ºã•ã‚Œã‚‹
      [31mFailure/Error: is_expected.to have_selector '.fa-solid.fa-users, .fas.fa-users'[0m
      [31m  expected to find css ".fa-solid.fa-users, .fas.fa-users" but there were no matches[0m
      [36m# ./spec/system/03_finishing_touches_spec.rb:415:in `block (4 levels) in <main>'[0m

  46) [STEP3] ä»•ä¸Šã’ã®ãƒ†ã‚¹ãƒˆ ã‚¢ã‚¤ã‚³ãƒ³ã®ãƒ†ã‚¹ãƒˆ ã‚µã‚¤ãƒ‰ãƒãƒ¼ ãƒ¦ãƒ¼ã‚¶ä¸€è¦§ç”»é¢ã§ãƒ¬ãƒ³ãƒã‚¢ã‚¤ã‚³ãƒ³ãŒè¡¨ç¤ºã•ã‚Œã‚‹
      [31mFailure/Error: is_expected.to have_selector '.fa-solid.fa-user-gear, .fa-solid.fa-user-cog, .fas.fa-user-cog'[0m
      [31m  expected to find css ".fa-solid.fa-user-gear, .fa-solid.fa-user-cog, .fas.fa-user-cog" but there were no matches[0m
      [36m# ./spec/system/03_finishing_touches_spec.rb:437:in `block (4 levels) in <main>'[0m

Finished in 38.93 seconds (files took 1.73 seconds to load)
[31m201 examples, 46 failures[0m

